{"C:\\Users\\mmokw\\OneDrive\\Desktop\\gigglegang\\Backend\\menuController.js": {"path":"C:\\Users\\mmokw\\OneDrive\\Desktop\\gigglegang\\Backend\\menuController.js","statementMap":{"0":{"start":{"line":5,"column":18},"end":{"line":5,"column":40}},"1":{"start":{"line":7,"column":26},"end":{"line":18,"column":13}},"2":{"start":{"line":20,"column":2},"end":{"line":20,"column":25}},"3":{"start":{"line":25,"column":26},"end":{"line":30,"column":13}},"4":{"start":{"line":32,"column":2},"end":{"line":32,"column":25}},"5":{"start":{"line":37,"column":26},"end":{"line":40,"column":17}},"6":{"start":{"line":42,"column":2},"end":{"line":42,"column":25}},"7":{"start":{"line":47,"column":26},"end":{"line":52,"column":13}},"8":{"start":{"line":54,"column":2},"end":{"line":54,"column":25}},"9":{"start":{"line":59,"column":26},"end":{"line":62,"column":29}},"10":{"start":{"line":64,"column":2},"end":{"line":64,"column":25}},"11":{"start":{"line":69,"column":26},"end":{"line":74,"column":13}},"12":{"start":{"line":76,"column":2},"end":{"line":76,"column":25}}},"fnMap":{"0":{"name":"createMenuItem","decl":{"start":{"line":4,"column":22},"end":{"line":4,"column":36}},"loc":{"start":{"line":4,"column":49},"end":{"line":21,"column":1}},"line":4},"1":{"name":"updateMenuItem","decl":{"start":{"line":24,"column":22},"end":{"line":24,"column":36}},"loc":{"start":{"line":24,"column":50},"end":{"line":33,"column":1}},"line":24},"2":{"name":"deleteMenuItem","decl":{"start":{"line":36,"column":22},"end":{"line":36,"column":36}},"loc":{"start":{"line":36,"column":41},"end":{"line":43,"column":1}},"line":36},"3":{"name":"toggleAvailability","decl":{"start":{"line":46,"column":22},"end":{"line":46,"column":40}},"loc":{"start":{"line":46,"column":53},"end":{"line":55,"column":1}},"line":46},"4":{"name":"getVendorMenu","decl":{"start":{"line":58,"column":22},"end":{"line":58,"column":35}},"loc":{"start":{"line":58,"column":42},"end":{"line":65,"column":1}},"line":58},"5":{"name":"setVendorStatus","decl":{"start":{"line":68,"column":22},"end":{"line":68,"column":37}},"loc":{"start":{"line":68,"column":56},"end":{"line":77,"column":1}},"line":68}},"branchMap":{"0":{"loc":{"start":{"line":5,"column":18},"end":{"line":5,"column":40}},"type":"binary-expr","locations":[{"start":{"line":5,"column":18},"end":{"line":5,"column":32}},{"start":{"line":5,"column":36},"end":{"line":5,"column":40}}],"line":5},"1":{"loc":{"start":{"line":12,"column":19},"end":{"line":12,"column":43}},"type":"binary-expr","locations":[{"start":{"line":12,"column":19},"end":{"line":12,"column":35}},{"start":{"line":12,"column":39},"end":{"line":12,"column":43}}],"line":12}},"s":{"0":1,"1":1,"2":1,"3":1,"4":1,"5":1,"6":1,"7":1,"8":1,"9":1,"10":1,"11":1,"12":1},"f":{"0":1,"1":1,"2":1,"3":1,"4":1,"5":1},"b":{"0":[1,1],"1":[1,0]},"_coverageSchema":"1a1c01bbd47fc00a2c39e90264f33305004495a9","hash":"9cdb73d4e5c637292822317697da9593d368b392"}
,"C:\\Users\\mmokw\\OneDrive\\Desktop\\gigglegang\\Backend\\orderController.js": {"path":"C:\\Users\\mmokw\\OneDrive\\Desktop\\gigglegang\\Backend\\orderController.js","statementMap":{"0":{"start":{"line":7,"column":27},"end":{"line":67,"column":1}},"1":{"start":{"line":8,"column":2},"end":{"line":66,"column":3}},"2":{"start":{"line":14,"column":8},"end":{"line":14,"column":16}},"3":{"start":{"line":17,"column":4},"end":{"line":21,"column":5}},"4":{"start":{"line":18,"column":6},"end":{"line":20,"column":9}},"5":{"start":{"line":24,"column":47},"end":{"line":35,"column":15}},"6":{"start":{"line":37,"column":4},"end":{"line":39,"column":5}},"7":{"start":{"line":38,"column":6},"end":{"line":38,"column":65}},"8":{"start":{"line":42,"column":23},"end":{"line":47,"column":7}},"9":{"start":{"line":42,"column":42},"end":{"line":47,"column":5}},"10":{"start":{"line":49,"column":34},"end":{"line":51,"column":25}},"11":{"start":{"line":53,"column":4},"end":{"line":55,"column":5}},"12":{"start":{"line":54,"column":6},"end":{"line":54,"column":65}},"13":{"start":{"line":57,"column":4},"end":{"line":60,"column":7}},"14":{"start":{"line":63,"column":4},"end":{"line":65,"column":7}},"15":{"start":{"line":73,"column":31},"end":{"line":106,"column":1}},"16":{"start":{"line":74,"column":2},"end":{"line":105,"column":3}},"17":{"start":{"line":75,"column":25},"end":{"line":75,"column":35}},"18":{"start":{"line":77,"column":28},"end":{"line":93,"column":40}},"19":{"start":{"line":95,"column":4},"end":{"line":97,"column":5}},"20":{"start":{"line":96,"column":6},"end":{"line":96,"column":60}},"21":{"start":{"line":99,"column":4},"end":{"line":99,"column":26}},"22":{"start":{"line":102,"column":4},"end":{"line":104,"column":7}},"23":{"start":{"line":112,"column":33},"end":{"line":152,"column":1}},"24":{"start":{"line":113,"column":2},"end":{"line":151,"column":3}},"25":{"start":{"line":114,"column":24},"end":{"line":114,"column":34}},"26":{"start":{"line":115,"column":23},"end":{"line":115,"column":31}},"27":{"start":{"line":117,"column":28},"end":{"line":123,"column":5}},"28":{"start":{"line":125,"column":4},"end":{"line":129,"column":5}},"29":{"start":{"line":126,"column":6},"end":{"line":128,"column":9}},"30":{"start":{"line":131,"column":28},"end":{"line":136,"column":15}},"31":{"start":{"line":138,"column":4},"end":{"line":140,"column":5}},"32":{"start":{"line":139,"column":6},"end":{"line":139,"column":60}},"33":{"start":{"line":142,"column":4},"end":{"line":145,"column":7}},"34":{"start":{"line":148,"column":4},"end":{"line":150,"column":7}},"35":{"start":{"line":154,"column":27},"end":{"line":185,"column":1}},"36":{"start":{"line":155,"column":22},"end":{"line":155,"column":32}},"37":{"start":{"line":158,"column":33},"end":{"line":162,"column":13}},"38":{"start":{"line":164,"column":2},"end":{"line":166,"column":3}},"39":{"start":{"line":165,"column":4},"end":{"line":165,"column":62}},"40":{"start":{"line":169,"column":22},"end":{"line":169,"column":58}},"41":{"start":{"line":170,"column":14},"end":{"line":170,"column":34}},"42":{"start":{"line":172,"column":15},"end":{"line":172,"column":32}},"43":{"start":{"line":174,"column":2},"end":{"line":176,"column":3}},"44":{"start":{"line":175,"column":4},"end":{"line":175,"column":68}},"45":{"start":{"line":179,"column":2},"end":{"line":179,"column":70}},"46":{"start":{"line":182,"column":2},"end":{"line":182,"column":59}},"47":{"start":{"line":184,"column":2},"end":{"line":184,"column":56}},"48":{"start":{"line":188,"column":27},"end":{"line":225,"column":1}},"49":{"start":{"line":189,"column":22},"end":{"line":189,"column":32}},"50":{"start":{"line":192,"column":33},"end":{"line":196,"column":13}},"51":{"start":{"line":198,"column":2},"end":{"line":200,"column":3}},"52":{"start":{"line":199,"column":4},"end":{"line":199,"column":62}},"53":{"start":{"line":203,"column":22},"end":{"line":203,"column":58}},"54":{"start":{"line":204,"column":14},"end":{"line":204,"column":34}},"55":{"start":{"line":206,"column":15},"end":{"line":206,"column":32}},"56":{"start":{"line":208,"column":2},"end":{"line":210,"column":3}},"57":{"start":{"line":209,"column":4},"end":{"line":209,"column":66}},"58":{"start":{"line":213,"column":2},"end":{"line":213,"column":70}},"59":{"start":{"line":216,"column":2},"end":{"line":219,"column":23}},"60":{"start":{"line":221,"column":2},"end":{"line":224,"column":5}}},"fnMap":{"0":{"name":"(anonymous_0)","decl":{"start":{"line":7,"column":27},"end":{"line":7,"column":28}},"loc":{"start":{"line":7,"column":47},"end":{"line":67,"column":1}},"line":7},"1":{"name":"(anonymous_1)","decl":{"start":{"line":42,"column":33},"end":{"line":42,"column":34}},"loc":{"start":{"line":42,"column":42},"end":{"line":47,"column":5}},"line":42},"2":{"name":"(anonymous_2)","decl":{"start":{"line":73,"column":31},"end":{"line":73,"column":32}},"loc":{"start":{"line":73,"column":51},"end":{"line":106,"column":1}},"line":73},"3":{"name":"(anonymous_3)","decl":{"start":{"line":112,"column":33},"end":{"line":112,"column":34}},"loc":{"start":{"line":112,"column":53},"end":{"line":152,"column":1}},"line":112},"4":{"name":"(anonymous_4)","decl":{"start":{"line":154,"column":27},"end":{"line":154,"column":28}},"loc":{"start":{"line":154,"column":47},"end":{"line":185,"column":1}},"line":154},"5":{"name":"(anonymous_5)","decl":{"start":{"line":188,"column":27},"end":{"line":188,"column":28}},"loc":{"start":{"line":188,"column":47},"end":{"line":225,"column":1}},"line":188}},"branchMap":{"0":{"loc":{"start":{"line":17,"column":4},"end":{"line":21,"column":5}},"type":"if","locations":[{"start":{"line":17,"column":4},"end":{"line":21,"column":5}},{"start":{},"end":{}}],"line":17},"1":{"loc":{"start":{"line":17,"column":8},"end":{"line":17,"column":65}},"type":"binary-expr","locations":[{"start":{"line":17,"column":8},"end":{"line":17,"column":19}},{"start":{"line":17,"column":23},"end":{"line":17,"column":33}},{"start":{"line":17,"column":37},"end":{"line":17,"column":43}},{"start":{"line":17,"column":47},"end":{"line":17,"column":65}}],"line":17},"2":{"loc":{"start":{"line":37,"column":4},"end":{"line":39,"column":5}},"type":"if","locations":[{"start":{"line":37,"column":4},"end":{"line":39,"column":5}},{"start":{},"end":{}}],"line":37},"3":{"loc":{"start":{"line":53,"column":4},"end":{"line":55,"column":5}},"type":"if","locations":[{"start":{"line":53,"column":4},"end":{"line":55,"column":5}},{"start":{},"end":{}}],"line":53},"4":{"loc":{"start":{"line":95,"column":4},"end":{"line":97,"column":5}},"type":"if","locations":[{"start":{"line":95,"column":4},"end":{"line":97,"column":5}},{"start":{},"end":{}}],"line":95},"5":{"loc":{"start":{"line":125,"column":4},"end":{"line":129,"column":5}},"type":"if","locations":[{"start":{"line":125,"column":4},"end":{"line":129,"column":5}},{"start":{},"end":{}}],"line":125},"6":{"loc":{"start":{"line":138,"column":4},"end":{"line":140,"column":5}},"type":"if","locations":[{"start":{"line":138,"column":4},"end":{"line":140,"column":5}},{"start":{},"end":{}}],"line":138},"7":{"loc":{"start":{"line":164,"column":2},"end":{"line":166,"column":3}},"type":"if","locations":[{"start":{"line":164,"column":2},"end":{"line":166,"column":3}},{"start":{},"end":{}}],"line":164},"8":{"loc":{"start":{"line":164,"column":6},"end":{"line":164,"column":21}},"type":"binary-expr","locations":[{"start":{"line":164,"column":6},"end":{"line":164,"column":11}},{"start":{"line":164,"column":15},"end":{"line":164,"column":21}}],"line":164},"9":{"loc":{"start":{"line":174,"column":2},"end":{"line":176,"column":3}},"type":"if","locations":[{"start":{"line":174,"column":2},"end":{"line":176,"column":3}},{"start":{},"end":{}}],"line":174},"10":{"loc":{"start":{"line":198,"column":2},"end":{"line":200,"column":3}},"type":"if","locations":[{"start":{"line":198,"column":2},"end":{"line":200,"column":3}},{"start":{},"end":{}}],"line":198},"11":{"loc":{"start":{"line":198,"column":6},"end":{"line":198,"column":21}},"type":"binary-expr","locations":[{"start":{"line":198,"column":6},"end":{"line":198,"column":11}},{"start":{"line":198,"column":15},"end":{"line":198,"column":21}}],"line":198},"12":{"loc":{"start":{"line":208,"column":2},"end":{"line":210,"column":3}},"type":"if","locations":[{"start":{"line":208,"column":2},"end":{"line":210,"column":3}},{"start":{},"end":{}}],"line":208}},"s":{"0":1,"1":3,"2":3,"3":3,"4":1,"5":2,"6":2,"7":0,"8":2,"9":2,"10":2,"11":2,"12":1,"13":1,"14":0,"15":1,"16":2,"17":2,"18":2,"19":2,"20":1,"21":1,"22":0,"23":1,"24":2,"25":2,"26":2,"27":2,"28":2,"29":1,"30":1,"31":1,"32":0,"33":1,"34":0,"35":1,"36":0,"37":0,"38":0,"39":0,"40":0,"41":0,"42":0,"43":0,"44":0,"45":0,"46":0,"47":0,"48":1,"49":0,"50":0,"51":0,"52":0,"53":0,"54":0,"55":0,"56":0,"57":0,"58":0,"59":0,"60":0},"f":{"0":3,"1":2,"2":2,"3":2,"4":0,"5":0},"b":{"0":[1,2],"1":[3,2,2,2],"2":[0,2],"3":[1,1],"4":[1,1],"5":[1,1],"6":[0,1],"7":[0,0],"8":[0,0],"9":[0,0],"10":[0,0],"11":[0,0],"12":[0,0]},"_coverageSchema":"1a1c01bbd47fc00a2c39e90264f33305004495a9","hash":"6d246d93f10b43449fb7ab2abf0c0f7eddd09b72"}
}
