TN:
SF:menuController.js
FN:4,createMenuItem
FN:24,updateMenuItem
FN:36,deleteMenuItem
FN:46,toggleAvailability
FN:58,getVendorMenu
FN:68,setVendorStatus
FNF:6
FNH:6
FNDA:1,createMenuItem
FNDA:1,updateMenuItem
FNDA:1,deleteMenuItem
FNDA:1,toggleAvailability
FNDA:1,getVendorMenu
FNDA:1,setVendorStatus
DA:5,1
DA:7,1
DA:20,1
DA:25,1
DA:32,1
DA:37,1
DA:42,1
DA:47,1
DA:54,1
DA:59,1
DA:64,1
DA:69,1
DA:76,1
LF:13
LH:13
BRDA:5,0,0,1
BRDA:5,0,1,1
BRDA:12,1,0,1
BRDA:12,1,1,0
BRF:4
BRH:3
end_of_record
TN:
SF:orderController.js
FN:7,(anonymous_0)
FN:42,(anonymous_1)
FN:73,(anonymous_2)
FN:112,(anonymous_3)
FN:154,(anonymous_4)
FN:188,(anonymous_5)
FNF:6
FNH:4
FNDA:3,(anonymous_0)
FNDA:2,(anonymous_1)
FNDA:2,(anonymous_2)
FNDA:2,(anonymous_3)
FNDA:0,(anonymous_4)
FNDA:0,(anonymous_5)
DA:7,1
DA:8,3
DA:14,3
DA:17,3
DA:18,1
DA:24,2
DA:37,2
DA:38,0
DA:42,2
DA:49,2
DA:53,2
DA:54,1
DA:57,1
DA:63,0
DA:73,1
DA:74,2
DA:75,2
DA:77,2
DA:95,2
DA:96,1
DA:99,1
DA:102,0
DA:112,1
DA:113,2
DA:114,2
DA:115,2
DA:117,2
DA:125,2
DA:126,1
DA:131,1
DA:138,1
DA:139,0
DA:142,1
DA:148,0
DA:154,1
DA:155,0
DA:158,0
DA:164,0
DA:165,0
DA:169,0
DA:170,0
DA:172,0
DA:174,0
DA:175,0
DA:179,0
DA:182,0
DA:184,0
DA:188,1
DA:189,0
DA:192,0
DA:198,0
DA:199,0
DA:203,0
DA:204,0
DA:206,0
DA:208,0
DA:209,0
DA:213,0
DA:216,0
DA:221,0
LF:60
LH:31
BRDA:17,0,0,1
BRDA:17,0,1,2
BRDA:17,1,0,3
BRDA:17,1,1,2
BRDA:17,1,2,2
BRDA:17,1,3,2
BRDA:37,2,0,0
BRDA:37,2,1,2
BRDA:53,3,0,1
BRDA:53,3,1,1
BRDA:95,4,0,1
BRDA:95,4,1,1
BRDA:125,5,0,1
BRDA:125,5,1,1
BRDA:138,6,0,0
BRDA:138,6,1,1
BRDA:164,7,0,0
BRDA:164,7,1,0
BRDA:164,8,0,0
BRDA:164,8,1,0
BRDA:174,9,0,0
BRDA:174,9,1,0
BRDA:198,10,0,0
BRDA:198,10,1,0
BRDA:198,11,0,0
BRDA:198,11,1,0
BRDA:208,12,0,0
BRDA:208,12,1,0
BRF:28
BRH:14
end_of_record
