TN:
SF:js\main.js
FN:16,(anonymous_0)
FN:47,(anonymous_1)
FNF:2
FNH:0
FNDA:0,(anonymous_0)
FNDA:0,(anonymous_1)
DA:16,0
DA:17,0
DA:19,0
DA:34,0
DA:36,0
DA:37,0
DA:40,0
DA:42,0
DA:47,0
DA:48,0
LF:10
LH:0
BRDA:17,0,0,0
BRDA:17,0,1,0
BRDA:36,1,0,0
BRDA:36,1,1,0
BRDA:42,2,0,0
BRDA:42,2,1,0
BRDA:43,3,0,0
BRDA:43,3,1,0
BRDA:43,3,2,0
BRF:9
BRH:0
end_of_record
TN:
SF:js\admin\dashboard.js
FN:1,renderAdminName
FNF:1
FNH:1
FNDA:3,renderAdminName
DA:2,3
DA:3,3
DA:4,3
DA:6,3
DA:7,3
LF:5
LH:5
BRDA:2,0,0,3
BRDA:2,0,1,1
BRDA:6,1,0,2
BRDA:6,1,1,1
BRDA:7,2,0,2
BRDA:7,2,1,1
BRF:6
BRH:6
end_of_record
TN:
SF:js\admin\orders.js
FN:3,loadAllOrders
FN:22,(anonymous_1)
FN:27,(anonymous_2)
FNF:3
FNH:3
FNDA:5,loadAllOrders
FNDA:2,(anonymous_1)
FNDA:2,(anonymous_2)
DA:4,5
DA:5,5
DA:7,4
DA:12,4
DA:13,1
DA:14,1
DA:17,3
DA:18,1
DA:19,1
DA:22,2
DA:27,2
LF:11
LH:11
BRDA:5,0,0,1
BRDA:5,0,1,4
BRDA:12,1,0,1
BRDA:12,1,1,3
BRDA:17,2,0,1
BRDA:17,2,1,2
BRDA:17,3,0,3
BRDA:17,3,1,3
BRDA:24,4,0,2
BRDA:24,4,1,1
BRDA:25,5,0,2
BRDA:25,5,1,1
BRDA:27,6,0,1
BRDA:27,6,1,1
BRF:14
BRH:14
end_of_record
TN:
SF:js\admin\vendors.js
FN:4,loadVendors
FN:23,(anonymous_1)
FN:38,updateVendorStatus
FN:52,deleteVendor
FN:72,createVendor
FNF:5
FNH:5
FNDA:7,loadVendors
FNDA:2,(anonymous_1)
FNDA:2,updateVendorStatus
FNDA:3,deleteVendor
FNDA:3,createVendor
DA:5,7
DA:6,7
DA:8,3
DA:13,3
DA:14,1
DA:15,1
DA:18,2
DA:19,1
DA:20,1
DA:23,2
DA:39,2
DA:44,2
DA:45,1
DA:47,1
DA:48,1
DA:53,3
DA:55,2
DA:60,2
DA:61,1
DA:63,1
DA:64,1
DA:73,3
DA:74,3
DA:76,3
DA:77,1
DA:78,1
DA:81,2
DA:88,2
DA:89,1
DA:90,1
DA:91,1
DA:94,1
DA:95,1
DA:96,1
LF:34
LH:34
BRDA:6,0,0,4
BRDA:6,0,1,3
BRDA:13,1,0,1
BRDA:13,1,1,2
BRDA:18,2,0,1
BRDA:18,2,1,1
BRDA:18,3,0,2
BRDA:18,3,1,2
BRDA:28,4,0,1
BRDA:28,4,1,1
BRDA:44,5,0,1
BRDA:44,5,1,1
BRDA:53,6,0,1
BRDA:53,6,1,2
BRDA:60,7,0,1
BRDA:60,7,1,1
BRDA:76,8,0,1
BRDA:76,8,1,2
BRDA:88,9,0,1
BRDA:88,9,1,1
BRF:20
BRH:20
end_of_record
TN:
SF:js\auth\login.js
FN:12,signInWithGoogle
FN:31,checkLoginAfterRedirect
FNF:2
FNH:2
FNDA:2,signInWithGoogle
FNDA:5,checkLoginAfterRedirect
DA:13,2
DA:14,2
DA:16,2
DA:23,2
DA:25,1
DA:26,1
DA:27,1
DA:32,5
DA:33,5
DA:35,5
DA:36,5
DA:38,4
DA:39,4
DA:40,1
DA:41,1
DA:44,3
DA:45,3
DA:47,3
DA:48,1
DA:49,1
DA:50,1
DA:53,2
DA:54,2
DA:55,2
DA:57,1
DA:58,1
DA:59,1
LF:27
LH:27
BRDA:23,0,0,1
BRDA:23,0,1,1
BRDA:26,1,0,1
BRDA:26,1,1,0
BRDA:36,2,0,1
BRDA:36,2,1,4
BRDA:39,3,0,1
BRDA:39,3,1,3
BRDA:47,4,0,1
BRDA:47,4,1,2
BRDA:53,5,0,2
BRDA:53,5,1,1
BRDA:58,6,0,1
BRDA:58,6,1,0
BRF:14
BRH:12
end_of_record
TN:
SF:js\auth\role-selection.js
FN:10,getExistingRole
FN:60,saveRoleForFirstTimeUser
FNF:2
FNH:2
FNDA:4,getExistingRole
FNDA:6,saveRoleForFirstTimeUser
DA:11,4
DA:12,4
DA:15,4
DA:21,4
DA:22,1
DA:29,3
DA:35,3
DA:36,1
DA:44,2
DA:50,2
DA:51,1
DA:57,1
DA:61,6
DA:62,6
DA:64,6
DA:65,6
DA:66,1
DA:67,1
DA:68,1
DA:71,5
DA:72,5
DA:74,5
DA:75,5
DA:76,1
DA:77,1
DA:78,1
DA:81,4
DA:83,4
DA:84,2
DA:95,2
DA:98,3
DA:99,2
DA:109,2
DA:112,3
DA:119,3
DA:120,1
DA:123,3
DA:124,3
DA:126,1
DA:127,1
DA:128,1
LF:41
LH:41
BRDA:21,0,0,1
BRDA:21,0,1,3
BRDA:21,1,0,4
BRDA:21,1,1,4
BRDA:35,2,0,1
BRDA:35,2,1,2
BRDA:35,3,0,3
BRDA:35,3,1,3
BRDA:38,4,0,1
BRDA:38,4,1,0
BRDA:39,5,0,1
BRDA:39,5,1,0
BRDA:50,6,0,1
BRDA:50,6,1,1
BRDA:50,7,0,2
BRDA:50,7,1,2
BRDA:53,8,0,1
BRDA:53,8,1,0
BRDA:65,9,0,1
BRDA:65,9,1,5
BRDA:72,10,0,0
BRDA:72,10,1,5
BRDA:75,11,0,1
BRDA:75,11,1,4
BRDA:83,12,0,2
BRDA:83,12,1,2
BRDA:95,13,0,1
BRDA:95,13,1,1
BRDA:98,14,0,2
BRDA:98,14,1,1
BRDA:109,15,0,0
BRDA:109,15,1,2
BRDA:119,16,0,1
BRDA:119,16,1,2
BRDA:127,17,0,1
BRDA:127,17,1,0
BRF:36
BRH:30
end_of_record
TN:
SF:js\config\supabase.js
FNF:0
FNH:0
DA:1,0
DA:2,0
DA:4,0
LF:3
LH:0
BRF:0
BRH:0
end_of_record
TN:
SF:js\pages\admin-dashboard-page.js
FN:4,initAdminDashboardPage
FNF:1
FNH:1
FNDA:3,initAdminDashboardPage
DA:6,3
DA:7,3
DA:10,2
DA:11,2
DA:14,1
LF:5
LH:5
BRDA:7,0,0,1
BRDA:7,0,1,2
BRDA:11,1,0,1
BRDA:11,1,1,1
BRF:4
BRH:4
end_of_record
TN:
SF:js\pages\admin-orders-page.js
FN:6,initAdminOrdersPage
FNF:1
FNH:1
FNDA:1,initAdminOrdersPage
DA:7,1
DA:8,1
DA:9,1
DA:11,1
LF:4
LH:4
BRF:0
BRH:0
end_of_record
TN:
SF:js\pages\admin-vendors-page.js
FN:11,initAdminVendorsPage
FNF:1
FNH:1
FNDA:1,initAdminVendorsPage
DA:13,1
DA:16,1
DA:19,1
DA:22,1
DA:23,1
DA:24,1
DA:25,1
LF:7
LH:7
BRF:0
BRH:0
end_of_record
TN:
SF:js\pages\index-page.js
FN:4,initIndexPage
FNF:1
FNH:1
FNDA:2,initIndexPage
DA:5,2
DA:6,2
DA:8,2
DA:9,1
DA:12,2
DA:13,1
DA:16,2
LF:7
LH:7
BRDA:8,0,0,1
BRDA:8,0,1,1
BRDA:12,1,0,1
BRDA:12,1,1,1
BRF:4
BRH:4
end_of_record
TN:
SF:js\pages\student-dashboard-page.js
FN:5,initStudentDashboardPage
FNF:1
FNH:1
FNDA:2,initStudentDashboardPage
DA:6,2
DA:8,1
DA:9,1
DA:11,1
LF:4
LH:4
BRDA:6,0,0,1
BRDA:6,0,1,1
BRF:2
BRH:2
end_of_record
TN:
SF:js\pages\student-history-page.js
FN:11,initStudentHistoryPage
FNF:1
FNH:1
FNDA:1,initStudentHistoryPage
DA:12,1
DA:13,1
DA:15,1
DA:17,1
DA:18,1
DA:19,1
DA:20,1
DA:21,1
LF:8
LH:8
BRF:0
BRH:0
end_of_record
TN:
SF:js\pages\student-orders-page.js
FN:9,initStudentOrdersPage
FN:25,(anonymous_1)
FN:41,(anonymous_2)
FNF:3
FNH:3
FNDA:3,initStudentOrdersPage
FNDA:1,(anonymous_1)
FNDA:1,(anonymous_2)
DA:11,3
DA:14,3
DA:17,3
DA:19,3
DA:20,3
DA:21,3
DA:22,3
DA:24,3
DA:25,3
DA:26,1
DA:27,1
DA:29,1
DA:30,1
DA:31,1
DA:32,1
DA:33,1
DA:36,1
DA:40,3
DA:41,3
DA:42,1
DA:43,1
DA:45,1
DA:46,1
DA:47,1
DA:48,1
DA:49,1
DA:52,1
DA:57,3
DA:58,3
DA:59,3
DA:60,3
DA:61,3
DA:62,3
LF:33
LH:33
BRDA:24,0,0,3
BRDA:24,0,1,0
BRDA:26,1,0,1
BRDA:26,1,1,0
BRDA:27,2,0,1
BRDA:27,2,1,0
BRDA:30,3,0,1
BRDA:30,3,1,0
BRDA:40,4,0,3
BRDA:40,4,1,0
BRDA:42,5,0,1
BRDA:42,5,1,0
BRDA:43,6,0,1
BRDA:43,6,1,0
BRDA:46,7,0,1
BRDA:46,7,1,0
BRF:16
BRH:8
end_of_record
TN:
SF:js\pages\vendor-dashboard-page.js
FN:4,initVendorDashboardPage
FNF:1
FNH:1
FNDA:1,initVendorDashboardPage
DA:5,1
DA:6,1
LF:2
LH:2
BRF:0
BRH:0
end_of_record
TN:
SF:js\pages\vendor-menu-page.js
FN:6,initVendorMenuPage
FNF:1
FNH:1
FNDA:1,initVendorMenuPage
DA:8,1
DA:11,1
DA:14,1
DA:17,1
DA:18,1
DA:19,1
DA:20,1
LF:7
LH:7
BRF:0
BRH:0
end_of_record
TN:
SF:js\pages\vendor-orders-page.js
FN:9,initVendorOrdersPage
FNF:1
FNH:1
FNDA:2,initVendorOrdersPage
DA:10,2
DA:12,1
DA:13,1
DA:15,1
DA:16,1
LF:5
LH:5
BRDA:10,0,0,1
BRDA:10,0,1,1
BRF:2
BRH:2
end_of_record
TN:
SF:js\shared\auth-helpers.js
FN:3,setLoadingMessage
FN:19,showRoleSection
FN:26,getUsernameFromUser
FN:34,redirectByRole
FN:44,getVendorId
FN:61,getStudentId
FNF:6
FNH:5
FNDA:2,setLoadingMessage
FNDA:2,showRoleSection
FNDA:3,getUsernameFromUser
FNDA:0,redirectByRole
FNDA:3,getVendorId
FNDA:3,getStudentId
DA:4,2
DA:5,2
DA:6,2
DA:8,2
DA:10,2
DA:11,2
DA:12,2
DA:15,2
DA:16,2
DA:20,2
DA:21,2
DA:22,2
DA:27,3
DA:28,3
DA:30,2
DA:31,2
DA:35,0
DA:41,0
DA:45,3
DA:47,2
DA:53,2
DA:54,1
DA:55,1
DA:58,1
DA:62,3
DA:64,2
DA:70,2
DA:71,1
DA:72,1
DA:75,1
LF:30
LH:28
BRDA:3,0,0,0
BRDA:10,1,0,2
BRDA:10,1,1,0
BRDA:11,2,0,1
BRDA:11,2,1,1
BRDA:15,3,0,2
BRDA:15,3,1,0
BRDA:16,4,0,2
BRDA:16,4,1,0
BRDA:19,5,0,1
BRDA:21,6,0,2
BRDA:21,6,1,0
BRDA:22,7,0,1
BRDA:22,7,1,1
BRDA:28,8,0,1
BRDA:28,8,1,2
BRDA:30,9,0,2
BRDA:30,9,1,1
BRDA:31,10,0,2
BRDA:31,10,1,1
BRDA:41,11,0,0
BRDA:41,11,1,0
BRDA:45,12,0,1
BRDA:45,12,1,2
BRDA:53,13,0,1
BRDA:53,13,1,1
BRDA:53,14,0,2
BRDA:53,14,1,2
BRDA:62,15,0,1
BRDA:62,15,1,2
BRDA:70,16,0,1
BRDA:70,16,1,1
BRDA:70,17,0,2
BRDA:70,17,1,2
BRF:34
BRH:27
end_of_record
TN:
SF:js\shared\guards.js
FN:3,redirectToHome
FN:7,requireRole
FN:18,requireAdmin
FN:44,requireVendor
FN:67,requireStudent
FNF:5
FNH:5
FNDA:7,redirectToHome
FNDA:2,requireRole
FNDA:3,requireAdmin
FNDA:3,requireVendor
FNDA:3,requireStudent
DA:4,7
DA:8,2
DA:10,2
DA:11,1
DA:12,1
DA:15,1
DA:22,3
DA:24,3
DA:25,1
DA:26,1
DA:29,2
DA:35,2
DA:36,1
DA:37,1
DA:38,1
DA:41,1
DA:45,3
DA:47,3
DA:48,1
DA:49,1
DA:52,2
DA:58,2
DA:59,1
DA:60,1
DA:61,1
DA:64,1
DA:68,3
DA:70,3
DA:71,1
DA:72,1
DA:75,2
DA:81,2
DA:82,1
DA:83,1
DA:84,1
DA:87,1
LF:36
LH:36
BRDA:10,0,0,1
BRDA:10,0,1,1
BRDA:24,1,0,1
BRDA:24,1,1,2
BRDA:24,2,0,3
BRDA:24,2,1,3
BRDA:35,3,0,1
BRDA:35,3,1,1
BRDA:35,4,0,2
BRDA:35,4,1,2
BRDA:47,5,0,1
BRDA:47,5,1,2
BRDA:58,6,0,1
BRDA:58,6,1,1
BRDA:58,7,0,2
BRDA:58,7,1,2
BRDA:70,8,0,1
BRDA:70,8,1,2
BRDA:81,9,0,1
BRDA:81,9,1,1
BRDA:81,10,0,2
BRDA:81,10,1,2
BRF:22
BRH:22
end_of_record
TN:
SF:js\shared\notifications.js
FN:1,toast
FN:8,(anonymous_1)
FN:13,requestNotificationPermission
FNF:3
FNH:3
FNDA:2,toast
FNDA:1,(anonymous_1)
FNDA:5,requestNotificationPermission
DA:2,2
DA:3,2
DA:5,1
DA:6,1
DA:8,1
DA:9,1
DA:14,5
DA:15,1
DA:16,1
DA:19,4
DA:20,1
DA:23,3
DA:24,1
DA:27,2
DA:28,2
DA:29,1
DA:30,1
DA:33,1
LF:18
LH:18
BRDA:1,0,0,0
BRDA:3,1,0,1
BRDA:3,1,1,1
BRDA:14,2,0,1
BRDA:14,2,1,4
BRDA:19,3,0,1
BRDA:19,3,1,3
BRDA:23,4,0,1
BRDA:23,4,1,2
BRDA:29,5,0,1
BRDA:29,5,1,0
BRF:11
BRH:9
end_of_record
TN:
SF:js\shared\session.js
FN:3,storeSessionUser
FN:10,getSessionUserId
FN:14,getSessionUsername
FN:18,getSessionRole
FN:22,clearSession
FN:26,getUserId
FN:37,logout
FNF:7
FNH:7
FNDA:1,storeSessionUser
FNDA:1,getSessionUserId
FNDA:1,getSessionUsername
FNDA:1,getSessionRole
FNDA:3,clearSession
FNDA:2,getUserId
FNDA:2,logout
DA:4,1
DA:5,1
DA:6,1
DA:7,1
DA:11,1
DA:15,1
DA:19,1
DA:23,3
DA:27,2
DA:29,2
DA:30,1
DA:31,1
DA:34,1
DA:38,2
DA:39,2
DA:41,1
DA:44,2
DA:45,2
DA:46,2
LF:19
LH:19
BRDA:5,0,0,1
BRDA:5,0,1,0
BRDA:29,1,0,1
BRDA:29,1,1,1
BRDA:34,2,0,1
BRDA:34,2,1,0
BRF:6
BRH:4
end_of_record
TN:
SF:js\student\browse-vendors.js
FN:13,getVendorAverageRating
FN:20,(anonymous_1)
FN:25,getMostOrderedCounts
FN:34,(anonymous_3)
FN:36,(anonymous_4)
FN:46,renderVendorMenu
FN:59,(anonymous_6)
FN:66,(anonymous_7)
FN:68,(anonymous_8)
FN:85,(anonymous_9)
FN:99,sortByMostOrdered
FN:102,(anonymous_11)
FN:107,resetFilters
FN:124,setupFilterListeners
FN:132,(anonymous_14)
FN:139,(anonymous_15)
FN:146,(anonymous_16)
FN:153,(anonymous_17)
FN:157,(anonymous_18)
FN:162,loadVendorsList
FN:182,(anonymous_20)
FN:191,showVendorMenu
FN:236,(anonymous_22)
FN:266,resetToAllMenu
FN:299,(anonymous_24)
FN:309,(anonymous_25)
FNF:26
FNH:8
FNDA:0,getVendorAverageRating
FNDA:0,(anonymous_1)
FNDA:0,getMostOrderedCounts
FNDA:0,(anonymous_3)
FNDA:0,(anonymous_4)
FNDA:1,renderVendorMenu
FNDA:0,(anonymous_6)
FNDA:0,(anonymous_7)
FNDA:0,(anonymous_8)
FNDA:1,(anonymous_9)
FNDA:0,sortByMostOrdered
FNDA:0,(anonymous_11)
FNDA:0,resetFilters
FNDA:1,setupFilterListeners
FNDA:0,(anonymous_14)
FNDA:0,(anonymous_15)
FNDA:0,(anonymous_16)
FNDA:0,(anonymous_17)
FNDA:0,(anonymous_18)
FNDA:3,loadVendorsList
FNDA:2,(anonymous_20)
FNDA:3,showVendorMenu
FNDA:1,(anonymous_22)
FNDA:1,resetToAllMenu
FNDA:0,(anonymous_24)
FNDA:0,(anonymous_25)
DA:5,1
DA:6,1
DA:7,1
DA:8,1
DA:9,1
DA:10,1
DA:14,0
DA:19,0
DA:20,0
DA:21,0
DA:26,0
DA:31,0
DA:33,0
DA:34,0
DA:35,0
DA:36,0
DA:37,0
DA:38,0
DA:42,0
DA:47,1
DA:48,1
DA:50,1
DA:51,0
DA:52,0
DA:55,1
DA:58,1
DA:59,0
DA:60,0
DA:65,1
DA:66,0
DA:67,1
DA:68,0
DA:72,1
DA:73,0
DA:74,0
DA:75,0
DA:76,0
DA:80,1
DA:81,0
DA:82,0
DA:85,1
DA:100,0
DA:101,0
DA:102,0
DA:103,0
DA:108,0
DA:109,0
DA:110,0
DA:112,0
DA:113,0
DA:114,0
DA:116,0
DA:117,0
DA:118,0
DA:120,0
DA:125,1
DA:126,1
DA:127,1
DA:128,1
DA:129,1
DA:131,1
DA:132,1
DA:133,0
DA:134,0
DA:138,1
DA:139,1
DA:140,0
DA:141,0
DA:145,1
DA:146,1
DA:147,0
DA:148,0
DA:152,1
DA:153,1
DA:156,1
DA:157,1
DA:163,3
DA:164,3
DA:167,2
DA:168,2
DA:169,2
DA:170,2
DA:172,2
DA:177,2
DA:178,1
DA:179,1
DA:182,2
DA:192,3
DA:193,3
DA:194,3
DA:195,3
DA:196,3
DA:198,3
DA:201,2
DA:202,2
DA:203,2
DA:207,2
DA:208,2
DA:209,2
DA:210,2
DA:211,2
DA:215,2
DA:216,2
DA:217,2
DA:218,2
DA:220,2
DA:222,2
DA:228,2
DA:229,1
DA:230,1
DA:234,1
DA:235,1
DA:236,1
DA:243,1
DA:244,1
DA:245,1
DA:248,1
DA:249,1
DA:250,1
DA:254,1
DA:255,1
DA:258,1
DA:259,1
DA:260,1
DA:261,1
DA:268,1
DA:269,1
DA:270,1
DA:271,1
DA:272,1
DA:273,1
DA:276,1
DA:277,1
DA:278,1
DA:282,1
DA:283,1
DA:286,1
DA:287,1
DA:288,1
DA:289,1
DA:293,1
DA:297,1
DA:298,1
DA:299,1
DA:300,0
DA:301,0
DA:302,0
DA:303,0
DA:305,0
DA:306,0
DA:307,0
DA:308,0
DA:309,0
LF:153
LH:99
BRDA:19,0,0,0
BRDA:19,0,1,0
BRDA:19,1,0,0
BRDA:19,1,1,0
BRDA:19,1,2,0
BRDA:31,2,0,0
BRDA:31,2,1,0
BRDA:31,3,0,0
BRDA:31,3,1,0
BRDA:35,4,0,0
BRDA:35,4,1,0
BRDA:35,5,0,0
BRDA:35,5,1,0
BRDA:38,6,0,0
BRDA:38,6,1,0
BRDA:48,7,0,0
BRDA:48,7,1,1
BRDA:50,8,0,0
BRDA:50,8,1,1
BRDA:58,9,0,0
BRDA:58,9,1,1
BRDA:65,10,0,0
BRDA:65,10,1,1
BRDA:67,11,0,0
BRDA:67,11,1,1
BRDA:72,12,0,0
BRDA:72,12,1,1
BRDA:75,13,0,0
BRDA:75,13,1,0
BRDA:80,14,0,0
BRDA:80,14,1,1
BRDA:89,15,0,1
BRDA:89,15,1,0
BRDA:90,16,0,0
BRDA:90,16,1,1
BRDA:100,17,0,0
BRDA:100,17,1,0
BRDA:102,18,0,0
BRDA:102,18,1,0
BRDA:102,19,0,0
BRDA:102,19,1,0
BRDA:116,20,0,0
BRDA:116,20,1,0
BRDA:117,21,0,0
BRDA:117,21,1,0
BRDA:118,22,0,0
BRDA:118,22,1,0
BRDA:131,23,0,1
BRDA:131,23,1,0
BRDA:138,24,0,1
BRDA:138,24,1,0
BRDA:145,25,0,1
BRDA:145,25,1,0
BRDA:152,26,0,1
BRDA:152,26,1,0
BRDA:156,27,0,1
BRDA:156,27,1,0
BRDA:164,28,0,1
BRDA:164,28,1,2
BRDA:169,29,0,2
BRDA:169,29,1,0
BRDA:170,30,0,2
BRDA:170,30,1,0
BRDA:177,31,0,1
BRDA:177,31,1,1
BRDA:177,32,0,2
BRDA:177,32,1,2
BRDA:177,32,2,2
BRDA:198,33,0,1
BRDA:198,33,1,2
BRDA:201,34,0,2
BRDA:201,34,1,0
BRDA:201,35,0,2
BRDA:201,35,1,2
BRDA:207,36,0,2
BRDA:207,36,1,0
BRDA:207,37,0,2
BRDA:207,37,1,2
BRDA:217,38,0,2
BRDA:217,38,1,0
BRDA:218,39,0,2
BRDA:218,39,1,0
BRDA:228,40,0,1
BRDA:228,40,1,1
BRDA:228,41,0,2
BRDA:228,41,1,2
BRDA:228,41,2,2
BRDA:249,42,0,1
BRDA:249,42,1,0
BRDA:259,43,0,1
BRDA:259,43,1,0
BRDA:277,44,0,1
BRDA:277,44,1,0
BRDA:283,45,0,1
BRDA:283,45,1,0
BRDA:287,46,0,1
BRDA:287,46,1,0
BRDA:300,47,0,0
BRDA:300,47,1,0
BRDA:306,48,0,0
BRDA:306,48,1,0
BRF:101
BRH:43
end_of_record
TN:
SF:js\student\cart.js
FN:5,getCart
FN:9,setCart
FN:13,addToCart
FN:20,removeFromCart
FN:26,updateCartDisplay
FN:40,(anonymous_5)
FN:50,(anonymous_6)
FNF:7
FNH:7
FNDA:5,getCart
FNDA:14,setCart
FNDA:1,addToCart
FNDA:1,removeFromCart
FNDA:5,updateCartDisplay
FNDA:4,(anonymous_5)
FNDA:4,(anonymous_6)
DA:3,1
DA:6,5
DA:10,14
DA:14,1
DA:15,1
DA:16,1
DA:17,1
DA:21,1
DA:22,1
DA:23,1
DA:27,5
DA:28,5
DA:29,5
DA:31,5
DA:33,4
DA:34,1
DA:35,1
DA:38,3
DA:40,4
DA:50,4
DA:51,3
LF:21
LH:21
BRDA:10,0,0,13
BRDA:10,0,1,1
BRDA:31,1,0,1
BRDA:31,1,1,4
BRDA:31,2,0,5
BRDA:31,2,1,4
BRDA:31,2,2,4
BRDA:33,3,0,1
BRDA:33,3,1,3
BRF:9
BRH:9
end_of_record
TN:
SF:js\student\checkout.js
FN:6,placeOrder
FN:66,(anonymous_1)
FN:97,(anonymous_2)
FN:106,(anonymous_3)
FNF:4
FNH:4
FNDA:11,placeOrder
FNDA:8,(anonymous_1)
FNDA:3,(anonymous_2)
FNDA:3,(anonymous_3)
DA:7,11
DA:9,11
DA:10,1
DA:11,1
DA:14,10
DA:16,10
DA:17,1
DA:18,1
DA:21,9
DA:22,9
DA:23,1
DA:24,1
DA:27,8
DA:29,8
DA:30,2
DA:36,2
DA:37,0
DA:38,0
DA:40,2
DA:50,2
DA:51,1
DA:52,1
DA:53,1
DA:56,1
DA:57,1
DA:61,7
DA:62,0
DA:63,0
DA:66,8
DA:68,7
DA:69,1
DA:70,1
DA:73,6
DA:75,6
DA:81,6
DA:82,1
DA:83,1
DA:84,1
DA:87,5
DA:88,1
DA:89,1
DA:92,4
DA:93,1
DA:94,1
DA:97,3
DA:98,3
DA:100,3
DA:106,3
DA:116,3
DA:120,3
DA:121,1
DA:122,1
DA:123,1
DA:126,2
DA:128,2
DA:129,2
DA:130,2
DA:132,2
DA:133,2
LF:59
LH:55
BRDA:9,0,0,1
BRDA:9,0,1,10
BRDA:16,1,0,1
BRDA:16,1,1,9
BRDA:22,2,0,1
BRDA:22,2,1,8
BRDA:22,3,0,9
BRDA:22,3,1,9
BRDA:29,4,0,2
BRDA:29,4,1,6
BRDA:36,5,0,0
BRDA:36,5,1,2
BRDA:50,6,0,1
BRDA:50,6,1,1
BRDA:61,7,0,0
BRDA:61,7,1,7
BRDA:68,8,0,1
BRDA:68,8,1,6
BRDA:81,9,0,1
BRDA:81,9,1,5
BRDA:87,10,0,1
BRDA:87,10,1,4
BRDA:92,11,0,1
BRDA:92,11,1,3
BRDA:120,12,0,1
BRDA:120,12,1,2
BRDA:132,13,0,2
BRDA:132,13,1,0
BRF:28
BRH:25
end_of_record
TN:
SF:js\student\dashboard.js
FN:8,renderStudentName
FN:17,getCurrentStudentId
FN:31,normalizeStatus
FN:35,isActiveOrder
FN:40,formatElapsedTime
FN:58,getStatusClass
FN:70,canCancelOrder
FN:75,renderLiveOrders
FN:88,(anonymous_8)
FN:90,(anonymous_9)
FN:126,loadLiveOrders
FN:153,(anonymous_11)
FN:162,subscribeToDashboardOrders
FN:179,(anonymous_13)
FN:203,(anonymous_14)
FN:208,cancelStudentOrder
FN:209,(anonymous_16)
FN:253,(anonymous_17)
FN:260,initStudentDashboardLiveOrders
FN:271,(anonymous_19)
FNF:20
FNH:15
FNDA:2,renderStudentName
FNDA:5,getCurrentStudentId
FNDA:4,normalizeStatus
FNDA:2,isActiveOrder
FNDA:1,formatElapsedTime
FNDA:1,getStatusClass
FNDA:1,canCancelOrder
FNDA:2,renderLiveOrders
FNDA:1,(anonymous_8)
FNDA:1,(anonymous_9)
FNDA:2,loadLiveOrders
FNDA:2,(anonymous_11)
FNDA:2,subscribeToDashboardOrders
FNDA:0,(anonymous_13)
FNDA:0,(anonymous_14)
FNDA:1,cancelStudentOrder
FNDA:0,(anonymous_16)
FNDA:0,(anonymous_17)
FNDA:3,initStudentDashboardLiveOrders
FNDA:0,(anonymous_19)
DA:4,1
DA:5,1
DA:6,1
DA:9,2
DA:10,2
DA:11,2
DA:13,2
DA:14,2
DA:21,5
DA:23,5
DA:24,1
DA:25,1
DA:28,4
DA:32,4
DA:36,2
DA:37,2
DA:41,1
DA:43,1
DA:44,1
DA:45,1
DA:47,1
DA:48,1
DA:50,1
DA:51,0
DA:52,0
DA:54,0
DA:55,0
DA:59,1
DA:61,1
DA:62,0
DA:63,0
DA:64,0
DA:65,0
DA:67,0
DA:71,1
DA:72,1
DA:76,2
DA:77,2
DA:79,2
DA:80,1
DA:85,1
DA:88,1
DA:89,1
DA:90,1
DA:93,1
DA:101,1
DA:127,2
DA:128,2
DA:130,2
DA:132,2
DA:133,0
DA:136,0
DA:139,2
DA:145,2
DA:146,0
DA:147,0
DA:150,0
DA:153,2
DA:154,2
DA:155,2
DA:157,2
DA:158,2
DA:159,2
DA:163,2
DA:165,2
DA:166,0
DA:169,2
DA:180,0
DA:181,0
DA:183,0
DA:184,0
DA:185,0
DA:187,0
DA:188,0
DA:189,0
DA:190,0
DA:191,0
DA:192,0
DA:193,0
DA:194,0
DA:197,0
DA:200,0
DA:204,0
DA:209,1
DA:211,1
DA:212,1
DA:213,1
DA:216,0
DA:217,0
DA:218,0
DA:221,0
DA:222,0
DA:223,0
DA:224,0
DA:227,0
DA:229,0
DA:240,0
DA:241,0
DA:242,0
DA:243,0
DA:246,0
DA:248,0
DA:249,0
DA:250,0
DA:253,0
DA:254,0
DA:256,0
DA:257,0
DA:261,3
DA:262,3
DA:264,2
DA:265,2
DA:267,2
DA:268,1
DA:271,2
DA:272,0
DA:275,2
LF:117
LH:64
BRDA:9,0,0,2
BRDA:9,0,1,1
BRDA:13,1,0,2
BRDA:13,1,1,0
BRDA:14,2,0,2
BRDA:14,2,1,0
BRDA:23,3,0,1
BRDA:23,3,1,4
BRDA:23,4,0,5
BRDA:23,4,1,5
BRDA:32,5,0,4
BRDA:32,5,1,0
BRDA:37,6,0,2
BRDA:37,6,1,1
BRDA:41,7,0,0
BRDA:41,7,1,1
BRDA:50,8,0,1
BRDA:50,8,1,0
BRDA:51,9,0,0
BRDA:51,9,1,0
BRDA:52,10,0,0
BRDA:52,10,1,0
BRDA:55,11,0,0
BRDA:55,11,1,0
BRDA:61,12,0,1
BRDA:61,12,1,0
BRDA:62,13,0,0
BRDA:62,13,1,0
BRDA:63,14,0,0
BRDA:63,14,1,0
BRDA:64,15,0,0
BRDA:64,15,1,0
BRDA:65,16,0,0
BRDA:65,16,1,0
BRDA:72,17,0,1
BRDA:72,17,1,0
BRDA:77,18,0,0
BRDA:77,18,1,2
BRDA:79,19,0,1
BRDA:79,19,1,1
BRDA:89,20,0,1
BRDA:89,20,1,0
BRDA:90,21,0,1
BRDA:90,21,1,0
BRDA:90,21,2,0
BRDA:93,22,0,1
BRDA:93,22,1,0
BRDA:105,23,0,1
BRDA:105,23,1,0
BRDA:106,24,0,1
BRDA:106,24,1,0
BRDA:108,25,0,1
BRDA:108,25,1,0
BRDA:111,26,0,1
BRDA:111,26,1,0
BRDA:114,27,0,1
BRDA:114,27,1,0
BRDA:128,28,0,0
BRDA:128,28,1,2
BRDA:132,29,0,0
BRDA:132,29,1,2
BRDA:145,30,0,0
BRDA:145,30,1,2
BRDA:153,31,0,2
BRDA:153,31,1,0
BRDA:154,32,0,2
BRDA:154,32,1,0
BRDA:155,33,0,2
BRDA:155,33,1,1
BRDA:158,34,0,2
BRDA:158,34,1,0
BRDA:163,35,0,0
BRDA:163,35,1,2
BRDA:165,36,0,0
BRDA:165,36,1,2
BRDA:183,37,0,0
BRDA:183,37,1,0
BRDA:183,38,0,0
BRDA:183,38,1,0
BRDA:183,38,2,0
BRDA:184,39,0,0
BRDA:184,39,1,0
BRDA:185,40,0,0
BRDA:185,40,1,0
BRDA:187,41,0,0
BRDA:187,41,1,0
BRDA:188,42,0,0
BRDA:188,42,1,0
BRDA:189,43,0,0
BRDA:189,43,1,0
BRDA:190,44,0,0
BRDA:190,44,1,0
BRDA:191,45,0,0
BRDA:191,45,1,0
BRDA:192,46,0,0
BRDA:192,46,1,0
BRDA:193,47,0,0
BRDA:193,47,1,0
BRDA:194,48,0,0
BRDA:194,48,1,0
BRDA:211,49,0,1
BRDA:211,49,1,0
BRDA:216,50,0,0
BRDA:216,50,1,0
BRDA:222,51,0,0
BRDA:222,51,1,0
BRDA:240,52,0,0
BRDA:240,52,1,0
BRDA:248,53,0,0
BRDA:248,53,1,0
BRDA:248,54,0,0
BRDA:248,54,1,0
BRDA:262,55,0,1
BRDA:262,55,1,2
BRDA:267,56,0,1
BRDA:267,56,1,1
BRF:116
BRH:41
end_of_record
TN:
SF:js\student\history.js
FN:10,showToast
FN:20,(anonymous_1)
FN:22,(anonymous_2)
FN:24,(anonymous_3)
FN:28,showBrowserNotification
FN:38,normalizeStatus
FN:42,canReviewOrder
FN:47,getOrderMenuId
FN:58,findReviewForOrder
FN:60,(anonymous_9)
FN:64,updateStars
FN:65,(anonymous_11)
FN:70,getCurrentStudentId
FN:84,bindEvents
FN:85,(anonymous_14)
FN:113,render
FN:122,(anonymous_16)
FN:126,(anonymous_17)
FN:149,loadStudentOrderHistory
FN:189,subscribeToOrderUpdates
FN:206,(anonymous_20)
FN:248,(anonymous_21)
FN:253,openModal
FN:254,(anonymous_23)
FN:265,(anonymous_24)
FN:276,(anonymous_25)
FN:307,closeModal
FN:314,(anonymous_27)
FN:323,submitReview
FN:387,deleteReview
FN:409,initStudentHistoryPage
FNF:31
FNH:7
FNDA:0,showToast
FNDA:0,(anonymous_1)
FNDA:0,(anonymous_2)
FNDA:0,(anonymous_3)
FNDA:0,showBrowserNotification
FNDA:0,normalizeStatus
FNDA:0,canReviewOrder
FNDA:0,getOrderMenuId
FNDA:0,findReviewForOrder
FNDA:0,(anonymous_9)
FNDA:0,updateStars
FNDA:0,(anonymous_11)
FNDA:3,getCurrentStudentId
FNDA:0,bindEvents
FNDA:0,(anonymous_14)
FNDA:1,render
FNDA:0,(anonymous_16)
FNDA:0,(anonymous_17)
FNDA:3,loadStudentOrderHistory
FNDA:2,subscribeToOrderUpdates
FNDA:0,(anonymous_20)
FNDA:0,(anonymous_21)
FNDA:1,openModal
FNDA:0,(anonymous_23)
FNDA:0,(anonymous_24)
FNDA:0,(anonymous_25)
FNDA:1,closeModal
FNDA:2,(anonymous_27)
FNDA:0,submitReview
FNDA:0,deleteReview
FNDA:0,initStudentHistoryPage
DA:3,1
DA:4,1
DA:5,1
DA:6,1
DA:7,1
DA:8,1
DA:11,0
DA:12,0
DA:14,0
DA:15,0
DA:16,0
DA:18,0
DA:20,0
DA:22,0
DA:23,0
DA:24,0
DA:29,0
DA:30,0
DA:32,0
DA:39,0
DA:43,0
DA:44,0
DA:48,0
DA:50,0
DA:51,0
DA:52,0
DA:55,0
DA:59,0
DA:60,0
DA:65,0
DA:66,0
DA:74,3
DA:76,3
DA:77,1
DA:78,1
DA:81,2
DA:85,0
DA:86,0
DA:90,0
DA:93,0
DA:94,0
DA:95,0
DA:98,0
DA:99,0
DA:100,0
DA:102,0
DA:104,0
DA:105,0
DA:108,0
DA:114,1
DA:115,1
DA:117,1
DA:118,1
DA:119,1
DA:122,0
DA:123,0
DA:125,0
DA:126,0
DA:129,0
DA:135,0
DA:150,3
DA:151,3
DA:153,3
DA:155,3
DA:156,1
DA:157,1
DA:160,2
DA:162,2
DA:168,2
DA:169,1
DA:170,1
DA:171,1
DA:174,1
DA:179,1
DA:180,0
DA:183,1
DA:184,1
DA:186,1
DA:190,2
DA:192,2
DA:193,0
DA:196,2
DA:207,0
DA:208,0
DA:210,0
DA:211,0
DA:213,0
DA:214,0
DA:216,0
DA:217,0
DA:218,0
DA:219,0
DA:221,0
DA:222,0
DA:223,0
DA:224,0
DA:225,0
DA:228,0
DA:229,0
DA:230,0
DA:231,0
DA:232,0
DA:235,0
DA:236,0
DA:237,0
DA:238,0
DA:239,0
DA:242,0
DA:243,0
DA:245,0
DA:249,0
DA:254,1
DA:255,1
DA:257,0
DA:258,0
DA:260,0
DA:261,0
DA:262,0
DA:265,0
DA:266,0
DA:269,0
DA:270,0
DA:271,0
DA:272,0
DA:273,0
DA:275,0
DA:276,0
DA:279,0
DA:280,0
DA:283,0
DA:284,0
DA:287,0
DA:288,0
DA:291,0
DA:292,0
DA:295,0
DA:296,0
DA:301,0
DA:303,0
DA:304,0
DA:308,1
DA:309,1
DA:311,1
DA:312,1
DA:314,1
DA:315,2
DA:318,1
DA:319,1
DA:320,1
DA:324,0
DA:326,0
DA:327,0
DA:328,0
DA:331,0
DA:332,0
DA:333,0
DA:336,0
DA:337,0
DA:338,0
DA:341,0
DA:342,0
DA:343,0
DA:345,0
DA:346,0
DA:354,0
DA:355,0
DA:356,0
DA:357,0
DA:360,0
DA:362,0
DA:374,0
DA:375,0
DA:376,0
DA:377,0
DA:380,0
DA:383,0
DA:384,0
DA:388,0
DA:389,0
DA:390,0
DA:393,0
DA:398,0
DA:399,0
DA:400,0
DA:401,0
DA:404,0
DA:405,0
DA:406,0
DA:410,0
DA:411,0
LF:190
LH:47
BRDA:10,0,0,0
BRDA:12,1,0,0
BRDA:12,1,1,0
BRDA:29,2,0,0
BRDA:29,2,1,0
BRDA:30,3,0,0
BRDA:30,3,1,0
BRDA:39,4,0,0
BRDA:39,4,1,0
BRDA:44,5,0,0
BRDA:44,5,1,0
BRDA:48,6,0,0
BRDA:48,6,1,0
BRDA:50,7,0,0
BRDA:50,7,1,0
BRDA:50,8,0,0
BRDA:50,8,1,0
BRDA:52,9,0,0
BRDA:52,9,1,0
BRDA:52,9,2,0
BRDA:59,10,0,0
BRDA:59,10,1,0
BRDA:66,11,0,0
BRDA:66,11,1,0
BRDA:76,12,0,1
BRDA:76,12,1,2
BRDA:76,13,0,3
BRDA:76,13,1,3
BRDA:86,14,0,0
BRDA:86,14,1,0
BRDA:87,15,0,0
BRDA:87,15,1,0
BRDA:93,16,0,0
BRDA:93,16,1,0
BRDA:98,17,0,0
BRDA:98,17,1,0
BRDA:100,18,0,0
BRDA:100,18,1,0
BRDA:104,19,0,0
BRDA:104,19,1,0
BRDA:105,20,0,0
BRDA:105,20,1,0
BRDA:115,21,0,0
BRDA:115,21,1,1
BRDA:117,22,0,1
BRDA:117,22,1,0
BRDA:125,23,0,0
BRDA:125,23,1,0
BRDA:126,24,0,0
BRDA:126,24,1,0
BRDA:126,24,2,0
BRDA:129,25,0,0
BRDA:129,25,1,0
BRDA:131,26,0,0
BRDA:131,26,1,0
BRDA:137,27,0,0
BRDA:137,27,1,0
BRDA:138,28,0,0
BRDA:138,28,1,0
BRDA:140,29,0,0
BRDA:140,29,1,0
BRDA:141,30,0,0
BRDA:141,30,1,0
BRDA:142,31,0,0
BRDA:142,31,1,0
BRDA:151,32,0,0
BRDA:151,32,1,3
BRDA:155,33,0,1
BRDA:155,33,1,2
BRDA:168,34,0,1
BRDA:168,34,1,1
BRDA:179,35,0,0
BRDA:179,35,1,1
BRDA:183,36,0,1
BRDA:183,36,1,0
BRDA:184,37,0,1
BRDA:184,37,1,0
BRDA:190,38,0,0
BRDA:190,38,1,2
BRDA:192,39,0,0
BRDA:192,39,1,2
BRDA:210,40,0,0
BRDA:210,40,1,0
BRDA:210,41,0,0
BRDA:210,41,1,0
BRDA:211,42,0,0
BRDA:211,42,1,0
BRDA:213,43,0,0
BRDA:213,43,1,0
BRDA:214,44,0,0
BRDA:214,44,1,0
BRDA:221,45,0,0
BRDA:221,45,1,0
BRDA:228,46,0,0
BRDA:228,46,1,0
BRDA:235,47,0,0
BRDA:235,47,1,0
BRDA:255,48,0,1
BRDA:255,48,1,0
BRDA:258,49,0,0
BRDA:258,49,1,0
BRDA:261,50,0,0
BRDA:261,50,1,0
BRDA:262,51,0,0
BRDA:262,51,1,0
BRDA:275,52,0,0
BRDA:275,52,1,0
BRDA:276,53,0,0
BRDA:276,53,1,0
BRDA:276,53,2,0
BRDA:279,54,0,0
BRDA:279,54,1,0
BRDA:280,55,0,0
BRDA:280,55,1,0
BRDA:283,56,0,0
BRDA:283,56,1,0
BRDA:284,57,0,0
BRDA:284,57,1,0
BRDA:287,58,0,0
BRDA:287,58,1,0
BRDA:288,59,0,0
BRDA:288,59,1,0
BRDA:291,60,0,0
BRDA:291,60,1,0
BRDA:292,61,0,0
BRDA:292,61,1,0
BRDA:295,62,0,0
BRDA:295,62,1,0
BRDA:296,63,0,0
BRDA:296,63,1,0
BRDA:304,64,0,0
BRDA:304,64,1,0
BRDA:309,65,0,1
BRDA:309,65,1,0
BRDA:312,66,0,1
BRDA:312,66,1,0
BRDA:326,67,0,0
BRDA:326,67,1,0
BRDA:326,68,0,0
BRDA:326,68,1,0
BRDA:331,69,0,0
BRDA:331,69,1,0
BRDA:336,70,0,0
BRDA:336,70,1,0
BRDA:336,71,0,0
BRDA:336,71,1,0
BRDA:342,72,0,0
BRDA:342,72,1,0
BRDA:345,73,0,0
BRDA:345,73,1,0
BRDA:354,74,0,0
BRDA:354,74,1,0
BRDA:374,75,0,0
BRDA:374,75,1,0
BRDA:388,76,0,0
BRDA:388,76,1,0
BRDA:398,77,0,0
BRDA:398,77,1,0
BRF:158
BRH:19
end_of_record
TN:
SF:js\student\menu.js
FN:8,renderMenu
FN:21,(anonymous_1)
FN:31,(anonymous_2)
FN:46,loadStudentMenu
FN:81,(anonymous_4)
FN:93,(anonymous_5)
FN:109,(anonymous_6)
FN:119,(anonymous_7)
FNF:8
FNH:6
FNDA:6,renderMenu
FNDA:2,(anonymous_1)
FNDA:4,(anonymous_2)
FNDA:7,loadStudentMenu
FNDA:3,(anonymous_4)
FNDA:1,(anonymous_5)
FNDA:0,(anonymous_6)
FNDA:0,(anonymous_7)
DA:4,1
DA:5,1
DA:9,6
DA:10,6
DA:12,6
DA:13,3
DA:14,3
DA:17,3
DA:20,3
DA:21,1
DA:22,2
DA:26,3
DA:27,0
DA:28,0
DA:31,4
DA:47,7
DA:48,7
DA:51,6
DA:52,6
DA:53,6
DA:54,6
DA:57,6
DA:58,6
DA:59,6
DA:61,6
DA:66,6
DA:67,1
DA:68,1
DA:71,5
DA:73,5
DA:74,2
DA:80,2
DA:81,3
DA:89,5
DA:92,5
DA:93,5
DA:94,1
DA:95,1
DA:99,5
DA:101,5
DA:102,5
DA:103,1
DA:104,1
DA:109,1
DA:110,0
DA:111,0
DA:112,0
DA:113,0
DA:115,0
DA:116,0
DA:117,0
DA:118,0
DA:119,0
LF:53
LH:42
BRDA:10,0,0,0
BRDA:10,0,1,6
BRDA:12,1,0,3
BRDA:12,1,1,3
BRDA:20,2,0,1
BRDA:20,2,1,2
BRDA:26,3,0,0
BRDA:26,3,1,3
BRDA:36,4,0,4
BRDA:36,4,1,3
BRDA:37,5,0,0
BRDA:37,5,1,4
BRDA:48,6,0,1
BRDA:48,6,1,6
BRDA:53,7,0,1
BRDA:53,7,1,5
BRDA:54,8,0,1
BRDA:54,8,1,5
BRDA:59,9,0,6
BRDA:59,9,1,0
BRDA:66,10,0,1
BRDA:66,10,1,5
BRDA:66,11,0,6
BRDA:66,11,1,5
BRDA:80,12,0,2
BRDA:80,12,1,0
BRDA:80,13,0,2
BRDA:80,13,1,2
BRDA:92,14,0,5
BRDA:92,14,1,0
BRDA:102,15,0,1
BRDA:102,15,1,4
BRDA:110,16,0,0
BRDA:110,16,1,0
BRDA:116,17,0,0
BRDA:116,17,1,0
BRF:36
BRH:26
end_of_record
TN:
SF:js\vendor\dashboard.js
FN:1,renderVendorName
FNF:1
FNH:1
FNDA:4,renderVendorName
DA:2,4
DA:3,4
DA:4,4
DA:6,4
DA:7,4
LF:5
LH:5
BRDA:2,0,0,4
BRDA:2,0,1,1
BRDA:6,1,0,3
BRDA:6,1,1,1
BRDA:7,2,0,2
BRDA:7,2,1,2
BRF:6
BRH:6
end_of_record
TN:
SF:js\vendor\menu.js
FN:5,loadVendorMenu
FN:33,(anonymous_1)
FN:50,addMenuItem
FN:122,toggleSoldOut
FN:138,deleteMenuItem
FNF:5
FNH:5
FNDA:8,loadVendorMenu
FNDA:2,(anonymous_1)
FNDA:5,addMenuItem
FNDA:2,toggleSoldOut
FNDA:3,deleteMenuItem
DA:6,8
DA:7,8
DA:9,7
DA:10,7
DA:12,7
DA:13,1
DA:14,1
DA:17,6
DA:23,6
DA:24,1
DA:25,1
DA:28,5
DA:29,4
DA:30,4
DA:33,2
DA:51,5
DA:52,5
DA:53,5
DA:54,5
DA:56,5
DA:57,5
DA:58,5
DA:59,5
DA:61,5
DA:63,5
DA:64,1
DA:65,1
DA:68,4
DA:69,4
DA:70,1
DA:71,1
DA:74,3
DA:76,3
DA:77,2
DA:79,2
DA:84,2
DA:85,1
DA:86,1
DA:87,1
DA:90,1
DA:95,1
DA:98,2
DA:109,2
DA:110,1
DA:111,1
DA:113,1
DA:114,1
DA:115,1
DA:116,1
DA:117,1
DA:118,1
DA:123,2
DA:125,2
DA:130,2
DA:131,1
DA:133,1
DA:134,1
DA:139,3
DA:141,2
DA:146,2
DA:147,1
DA:149,1
DA:150,1
LF:63
LH:63
BRDA:7,0,0,1
BRDA:7,0,1,7
BRDA:12,1,0,1
BRDA:12,1,1,6
BRDA:23,2,0,1
BRDA:23,2,1,5
BRDA:28,3,0,4
BRDA:28,3,1,1
BRDA:28,4,0,5
BRDA:28,4,1,5
BRDA:36,5,0,1
BRDA:36,5,1,1
BRDA:39,6,0,2
BRDA:39,6,1,0
BRDA:43,7,0,1
BRDA:43,7,1,1
BRDA:63,8,0,1
BRDA:63,8,1,4
BRDA:63,9,0,5
BRDA:63,9,1,4
BRDA:63,9,2,4
BRDA:69,10,0,1
BRDA:69,10,1,3
BRDA:76,11,0,2
BRDA:76,11,1,1
BRDA:84,12,0,1
BRDA:84,12,1,1
BRDA:109,13,0,1
BRDA:109,13,1,1
BRDA:123,14,0,0
BRDA:123,14,1,2
BRDA:130,15,0,1
BRDA:130,15,1,1
BRDA:139,16,0,1
BRDA:139,16,1,2
BRDA:146,17,0,1
BRDA:146,17,1,1
BRF:37
BRH:35
end_of_record
TN:
SF:js\vendor\orders.js
FN:16,sortOrdersByStatus
FN:17,(anonymous_1)
FN:32,findReviewForOrder
FN:34,(anonymous_3)
FN:38,renderStars
FN:45,openReviewModal
FN:46,(anonymous_6)
FN:47,(anonymous_7)
FN:58,(anonymous_8)
FN:87,closeReviewModal
FN:94,renderOrders
FN:105,(anonymous_11)
FN:107,(anonymous_12)
FN:156,loadVendorOrders
FN:195,updateOrderStatus
FN:196,(anonymous_15)
FNF:16
FNH:10
FNDA:7,sortOrdersByStatus
FNDA:1,(anonymous_1)
FNDA:8,findReviewForOrder
FNDA:2,(anonymous_3)
FNDA:0,renderStars
FNDA:0,openReviewModal
FNDA:0,(anonymous_6)
FNDA:0,(anonymous_7)
FNDA:0,(anonymous_8)
FNDA:0,closeReviewModal
FNDA:9,renderOrders
FNDA:8,(anonymous_11)
FNDA:8,(anonymous_12)
FNDA:12,loadVendorOrders
FNDA:5,updateOrderStatus
FNDA:4,(anonymous_15)
DA:5,1
DA:6,1
DA:8,1
DA:17,7
DA:18,1
DA:19,1
DA:21,1
DA:22,1
DA:25,0
DA:26,0
DA:28,0
DA:33,8
DA:34,2
DA:39,0
DA:40,0
DA:41,0
DA:42,0
DA:46,0
DA:47,0
DA:49,0
DA:51,0
DA:52,0
DA:53,0
DA:54,0
DA:55,0
DA:57,0
DA:58,0
DA:61,0
DA:62,0
DA:65,0
DA:66,0
DA:69,0
DA:70,0
DA:73,0
DA:74,0
DA:77,0
DA:78,0
DA:81,0
DA:82,0
DA:83,0
DA:88,0
DA:89,0
DA:90,0
DA:95,9
DA:96,9
DA:98,9
DA:99,2
DA:100,2
DA:103,7
DA:105,7
DA:106,8
DA:107,8
DA:110,8
DA:112,8
DA:115,8
DA:123,8
DA:142,8
DA:157,12
DA:158,12
DA:160,11
DA:161,11
DA:163,11
DA:164,1
DA:165,1
DA:168,10
DA:173,10
DA:174,1
DA:175,1
DA:176,1
DA:179,9
DA:184,9
DA:185,1
DA:186,1
DA:189,9
DA:190,9
DA:192,9
DA:196,5
DA:198,5
DA:199,1
DA:200,1
DA:203,4
DA:204,1
DA:205,1
DA:208,3
DA:209,3
DA:211,3
DA:212,1
DA:213,1
DA:214,1
DA:217,2
DA:225,2
DA:226,1
DA:227,1
DA:228,1
DA:231,1
DA:232,1
DA:235,1
DA:236,1
LF:98
LH:65
BRDA:18,0,0,1
BRDA:18,0,1,0
BRDA:19,1,0,1
BRDA:19,1,1,0
BRDA:21,2,0,1
BRDA:21,2,1,0
BRDA:25,3,0,0
BRDA:25,3,1,0
BRDA:26,4,0,0
BRDA:26,4,1,0
BRDA:33,5,0,8
BRDA:33,5,1,7
BRDA:38,6,0,0
BRDA:39,7,0,0
BRDA:39,7,1,0
BRDA:49,8,0,0
BRDA:49,8,1,0
BRDA:49,9,0,0
BRDA:49,9,1,0
BRDA:57,10,0,0
BRDA:57,10,1,0
BRDA:58,11,0,0
BRDA:58,11,1,0
BRDA:58,11,2,0
BRDA:59,12,0,0
BRDA:59,12,1,0
BRDA:61,13,0,0
BRDA:61,13,1,0
BRDA:62,14,0,0
BRDA:62,14,1,0
BRDA:65,15,0,0
BRDA:65,15,1,0
BRDA:66,16,0,0
BRDA:66,16,1,0
BRDA:69,17,0,0
BRDA:69,17,1,0
BRDA:73,18,0,0
BRDA:73,18,1,0
BRDA:74,19,0,0
BRDA:74,19,1,0
BRDA:77,20,0,0
BRDA:77,20,1,0
BRDA:78,21,0,0
BRDA:78,21,1,0
BRDA:82,22,0,0
BRDA:82,22,1,0
BRDA:89,23,0,0
BRDA:89,23,1,0
BRDA:96,24,0,0
BRDA:96,24,1,9
BRDA:98,25,0,2
BRDA:98,25,1,7
BRDA:106,26,0,8
BRDA:106,26,1,0
BRDA:107,27,0,8
BRDA:107,27,1,0
BRDA:107,27,2,0
BRDA:108,28,0,0
BRDA:108,28,1,0
BRDA:112,29,0,8
BRDA:112,29,1,6
BRDA:115,30,0,1
BRDA:115,30,1,7
BRDA:123,31,0,2
BRDA:123,31,1,6
BRDA:126,32,0,0
BRDA:126,32,1,2
BRDA:135,33,0,3
BRDA:135,33,1,3
BRDA:136,34,0,3
BRDA:136,34,1,3
BRDA:137,35,0,0
BRDA:137,35,1,6
BRDA:138,36,0,0
BRDA:138,36,1,6
BRDA:144,37,0,8
BRDA:144,37,1,0
BRDA:145,38,0,8
BRDA:145,38,1,0
BRDA:147,39,0,8
BRDA:147,39,1,0
BRDA:148,40,0,8
BRDA:148,40,1,0
BRDA:158,41,0,1
BRDA:158,41,1,11
BRDA:163,42,0,1
BRDA:163,42,1,10
BRDA:173,43,0,1
BRDA:173,43,1,9
BRDA:184,44,0,1
BRDA:184,44,1,8
BRDA:189,45,0,9
BRDA:189,45,1,0
BRDA:190,46,0,9
BRDA:190,46,1,1
BRDA:198,47,0,1
BRDA:198,47,1,4
BRDA:203,48,0,1
BRDA:203,48,1,3
BRDA:203,49,0,4
BRDA:203,49,1,3
BRDA:208,50,0,3
BRDA:208,50,1,0
BRDA:209,51,0,3
BRDA:209,51,1,0
BRDA:211,52,0,1
BRDA:211,52,1,2
BRDA:225,53,0,1
BRDA:225,53,1,1
BRDA:227,54,0,1
BRDA:227,54,1,0
BRF:111
BRH:51
end_of_record
